Start testing: Jan 11 15:48 UTC
----------------------------------------------------------
1/1 Testing: pg300_acceptance_tests
1/1 Test: pg300_acceptance_tests
Command: "/workspace/pg300-juce/build/pg300_tests"
Directory: /workspace/pg300-juce/build
"pg300_acceptance_tests" start time: Jan 11 15:48 UTC
Output:
----------------------------------------------------------
OK
<end of output>
Test time =   0.00 sec
----------------------------------------------------------
Test Passed.
"pg300_acceptance_tests" end time: Jan 11 15:48 UTC
"pg300_acceptance_tests" time elapsed: 00:00:00
----------------------------------------------------------

End testing: Jan 11 15:48 UTC
